====================================================================================================
INICIANDO BUSCA GOVGO (PROMPT MODE)
====================================================================================================
Query: "serviço alimentação escolar no nordeste"
Tipo: Semântica
Abordagem: Filtro
Relevância: Flexível (nível 2)
Ordenação: Similaridade
Max Resultados: 30
TOP Categorias: 10
Filtrar Encerradas: True
Negation Embeddings: True
Processamento Inteligente Ativo: True
====================================================================================================
Buscando TOP 10 categorias com termos-base: 'serviço alimentação escolar'
TOP CATEGORIAS
Rank  Código      Similaridade  Descrição
1     S063206329255000.6005        SERVIÇO :: SERVIÇOS DE FORNECIMENTO DE COMIDA :: OUTROS SERVIÇOS DE FO
2     S063206321036970.5931        SERVIÇO :: SERVIÇOS DE FORNECIMENTO DE COMIDA :: SERVIÇOS DE FORNECIME
3     S063206321037000.5921        SERVIÇO :: SERVIÇOS DE FORNECIMENTO DE COMIDA :: SERVIÇOS DE FORNECIME
4     S092112769127690.5807        SERVIÇO :: SERVIÇOS DE EDUCAÇÃO PRIMÁRIA/BÁSICO :: SERVICO EDUCACIONAL
5     S063212807128070.5800        SERVIÇO :: SERVIÇOS DE FORNECIMENTO DE COMIDA :: BUFFET :: BUFFET
6     S083108311300020.5784        SERVIÇO :: SERVIÇOS DE CONSULTORIA E DE GERÊNCIA/GESTÃO :: SERVIÇOS DE
7     S063205320053200.5767        SERVIÇO :: SERVIÇOS DE FORNECIMENTO DE COMIDA :: REFEICOES INDUSTRIAIS
8     S063206321152100.5661        SERVIÇO :: SERVIÇOS DE FORNECIMENTO DE COMIDA :: SERVIÇOS DE FORNECIME
9     S093312939129390.5376        SERVIÇO :: SERVIÇOS SOCIAIS :: ASSISTENCIA SOCIAL :: ASSISTENCIA SOCIA
10    S093323124231240.5343        SERVIÇO :: SERVIÇOS SOCIAIS :: SERVICO ESPECIALIZADO EM ASSISTENCIA SO
Tempo total: 46.66s | Confiança: 59.6100 | Resultados: 7
Export JSON: Resultados_Busca\Busca_SERVIÇO_ALIMENTAÇÃO_ESCOLAR_NO_S1_A3_R2_O1_II_20250912_144035.json
