====================================================================================================
INICIANDO BUSCA GOVGO (PROMPT MODE)
====================================================================================================
Query: "notebooks, desktop, sistema de informatica"
Tipo: Semântica
Abordagem: Filtro
Relevância: Flexível (nível 2)
Ordenação: Similaridade
Max Resultados: 30
TOP Categorias: 10
Filtrar Encerradas: True
Negation Embeddings: True
Processamento Inteligente Ativo: True
====================================================================================================
Buscando TOP 10 categorias com termos-base: 'notebooks, desktop, sistema de informática'
TOP CATEGORIAS
Rank  Código      Similaridade  Descrição
1     M007007010084350.6540        MATERIAL :: INFORMÁTICA - EQUIPAMENTOS,  PEÇAS, ACESSÓRIOS E SUPRIMENT
2     M007007010064840.6078        MATERIAL :: INFORMÁTICA - EQUIPAMENTOS,  PEÇAS, ACESSÓRIOS E SUPRIMENT
3     M007007060148290.6061        MATERIAL :: INFORMÁTICA - EQUIPAMENTOS,  PEÇAS, ACESSÓRIOS E SUPRIMENT
4     M007007060162440.6041        MATERIAL :: INFORMÁTICA - EQUIPAMENTOS,  PEÇAS, ACESSÓRIOS E SUPRIMENT
5     M007407420002860.6006        MATERIAL :: MÁQUINAS PARA ESCRITÓRIO, SISTEMAS DE PROCESSAMENTO DE  TE
6     M007007010148110.5939        MATERIAL :: INFORMÁTICA - EQUIPAMENTOS,  PEÇAS, ACESSÓRIOS E SUPRIMENT
7     M007007010192460.5923        MATERIAL :: INFORMÁTICA - EQUIPAMENTOS,  PEÇAS, ACESSÓRIOS E SUPRIMENT
8     M007007040096360.5907        MATERIAL :: INFORMÁTICA - EQUIPAMENTOS,  PEÇAS, ACESSÓRIOS E SUPRIMENT
9     M007407490158750.5881        MATERIAL :: MÁQUINAS PARA ESCRITÓRIO, SISTEMAS DE PROCESSAMENTO DE  TE
10    M007007060177890.5873        MATERIAL :: INFORMÁTICA - EQUIPAMENTOS,  PEÇAS, ACESSÓRIOS E SUPRIMENT
Tempo total: 26.76s | Confiança: 58.0200 | Resultados: 28
Export JSON: Resultados_Busca\Busca_NOTEBOOKS_DESKTOP_SISTEMA_DE_I_S1_A3_R2_O1_II_20250911_212750.json
