[1/3] DOWNLOAD PNCP INICIADO (LPD)
LPD atual: 20250912
Intervalo de datas para 01 (LPD): 20250913 .. 20250922 (10)
Processando 20250913...
Modalidades: 7% [█░░░░░░░░░░░░░░░░░░░] (1/14)
Modalidades: 14% [███░░░░░░░░░░░░░░░░░] (2/14)
Modalidades: 21% [████░░░░░░░░░░░░░░░░] (3/14)
Modalidades: 28% [██████░░░░░░░░░░░░░░] (4/14)
Modalidades: 35% [███████░░░░░░░░░░░░░] (5/14)
Modalidades: 42% [████████░░░░░░░░░░░░] (6/14)
Modalidades: 50% [██████████░░░░░░░░░░] (7/14)
Modalidades: 57% [███████████░░░░░░░░░] (8/14)
Modalidades: 64% [█████████████░░░░░░░] (9/14)
Modalidades: 71% [██████████████░░░░░░] (10/14)
Modalidades: 78% [████████████████░░░░] (11/14)
Modalidades: 85% [█████████████████░░░] (12/14)
Modalidades: 92% [██████████████████░░] (13/14)
Modalidades: 100% [████████████████████] (14/14)
Itens: 5% [█░░░░░░░░░░░░░░░░░░░] (1/19)
Itens: 10% [██░░░░░░░░░░░░░░░░░░] (2/19)
Itens: 15% [███░░░░░░░░░░░░░░░░░] (3/19)
Itens: 21% [████░░░░░░░░░░░░░░░░] (4/19)
Itens: 26% [█████░░░░░░░░░░░░░░░] (5/19)
Itens: 31% [██████░░░░░░░░░░░░░░] (6/19)
Itens: 36% [███████░░░░░░░░░░░░░] (7/19)
Itens: 42% [████████░░░░░░░░░░░░] (8/19)
Itens: 47% [█████████░░░░░░░░░░░] (9/19)
Itens: 52% [██████████░░░░░░░░░░] (10/19)
Itens: 57% [███████████░░░░░░░░░] (11/19)
Itens: 63% [█████████████░░░░░░░] (12/19)
Itens: 68% [██████████████░░░░░░] (13/19)
Itens: 73% [███████████████░░░░░] (14/19)
Itens: 78% [████████████████░░░░] (15/19)
Itens: 84% [█████████████████░░░] (16/19)
Itens: 89% [██████████████████░░] (17/19)
Itens: 94% [███████████████████░] (18/19)
Itens: 100% [████████████████████] (19/19)
Inseridos: 0 contratações, 0 itens
LPD atualizado: 20250913
Processando 20250914...
Modalidades: 7% [█░░░░░░░░░░░░░░░░░░░] (1/14)
Modalidades: 14% [███░░░░░░░░░░░░░░░░░] (2/14)
Modalidades: 21% [████░░░░░░░░░░░░░░░░] (3/14)
Modalidades: 28% [██████░░░░░░░░░░░░░░] (4/14)
Modalidades: 35% [███████░░░░░░░░░░░░░] (5/14)
Modalidades: 42% [████████░░░░░░░░░░░░] (6/14)
Modalidades: 50% [██████████░░░░░░░░░░] (7/14)
Modalidades: 57% [███████████░░░░░░░░░] (8/14)
Modalidades: 64% [█████████████░░░░░░░] (9/14)
Modalidades: 71% [██████████████░░░░░░] (10/14)
Modalidades: 78% [████████████████░░░░] (11/14)
Modalidades: 85% [█████████████████░░░] (12/14)
Modalidades: 92% [██████████████████░░] (13/14)
Modalidades: 100% [████████████████████] (14/14)
Itens: 5% [█░░░░░░░░░░░░░░░░░░░] (1/20)
Itens: 10% [██░░░░░░░░░░░░░░░░░░] (2/20)
Itens: 15% [███░░░░░░░░░░░░░░░░░] (3/20)
Itens: 20% [████░░░░░░░░░░░░░░░░] (4/20)
Itens: 25% [█████░░░░░░░░░░░░░░░] (5/20)
Itens: 30% [██████░░░░░░░░░░░░░░] (6/20)
Itens: 35% [███████░░░░░░░░░░░░░] (7/20)
Itens: 40% [████████░░░░░░░░░░░░] (8/20)
Itens: 45% [█████████░░░░░░░░░░░] (9/20)
Itens: 50% [██████████░░░░░░░░░░] (10/20)
Itens: 55% [███████████░░░░░░░░░] (11/20)
Itens: 60% [████████████░░░░░░░░] (12/20)
Itens: 65% [█████████████░░░░░░░] (13/20)
Itens: 70% [██████████████░░░░░░] (14/20)
Itens: 75% [███████████████░░░░░] (15/20)
Itens: 80% [████████████████░░░░] (16/20)
Itens: 85% [█████████████████░░░] (17/20)
Itens: 90% [██████████████████░░] (18/20)
Itens: 95% [███████████████████░] (19/20)
Itens: 100% [████████████████████] (20/20)
Inseridos: 0 contratações, 0 itens
LPD atualizado: 20250914
Processando 20250915...
Modalidades: 7% [█░░░░░░░░░░░░░░░░░░░] (1/14)
Modalidades: 14% [███░░░░░░░░░░░░░░░░░] (2/14)
Modalidades: 21% [████░░░░░░░░░░░░░░░░] (3/14)
Modalidades: 28% [██████░░░░░░░░░░░░░░] (4/14)
Modalidades: 35% [███████░░░░░░░░░░░░░] (5/14)
Modalidades: 42% [████████░░░░░░░░░░░░] (6/14)
Modalidades: 50% [██████████░░░░░░░░░░] (7/14)
Modalidades: 57% [███████████░░░░░░░░░] (8/14)
Modalidades: 64% [█████████████░░░░░░░] (9/14)
Modalidades: 71% [██████████████░░░░░░] (10/14)
Modalidades: 78% [████████████████░░░░] (11/14)
Modalidades: 85% [█████████████████░░░] (12/14)
Modalidades: 92% [██████████████████░░] (13/14)
Modalidades: 100% [████████████████████] (14/14)
Itens: 5% [█░░░░░░░░░░░░░░░░░░░] (1/20)
Itens: 10% [██░░░░░░░░░░░░░░░░░░] (2/20)
Itens: 15% [███░░░░░░░░░░░░░░░░░] (3/20)
Itens: 20% [████░░░░░░░░░░░░░░░░] (4/20)
Itens: 25% [█████░░░░░░░░░░░░░░░] (5/20)
Itens: 30% [██████░░░░░░░░░░░░░░] (6/20)
Itens: 35% [███████░░░░░░░░░░░░░] (7/20)
Itens: 40% [████████░░░░░░░░░░░░] (8/20)
Itens: 45% [█████████░░░░░░░░░░░] (9/20)
Itens: 50% [██████████░░░░░░░░░░] (10/20)
Itens: 55% [███████████░░░░░░░░░] (11/20)
Itens: 60% [████████████░░░░░░░░] (12/20)
Itens: 65% [█████████████░░░░░░░] (13/20)
Itens: 70% [██████████████░░░░░░] (14/20)
Itens: 75% [███████████████░░░░░] (15/20)
Itens: 80% [████████████████░░░░] (16/20)
Itens: 85% [█████████████████░░░] (17/20)
Itens: 90% [██████████████████░░] (18/20)
Itens: 95% [███████████████████░] (19/20)
Itens: 100% [████████████████████] (20/20)
Inseridos: 3649 contratações, 13836 itens
LPD atualizado: 20250915
Processando 20250916...
Modalidades: 7% [█░░░░░░░░░░░░░░░░░░░] (1/14)
Modalidades: 14% [███░░░░░░░░░░░░░░░░░] (2/14)
Modalidades: 21% [████░░░░░░░░░░░░░░░░] (3/14)
Modalidades: 28% [██████░░░░░░░░░░░░░░] (4/14)
Modalidades: 35% [███████░░░░░░░░░░░░░] (5/14)
Modalidades: 42% [████████░░░░░░░░░░░░] (6/14)
Modalidades: 50% [██████████░░░░░░░░░░] (7/14)
Modalidades: 57% [███████████░░░░░░░░░] (8/14)
Modalidades: 64% [█████████████░░░░░░░] (9/14)
Modalidades: 71% [██████████████░░░░░░] (10/14)
Modalidades: 78% [████████████████░░░░] (11/14)
Modalidades: 85% [█████████████████░░░] (12/14)
Modalidades: 92% [██████████████████░░] (13/14)
Modalidades: 100% [████████████████████] (14/14)
Itens: 5% [█░░░░░░░░░░░░░░░░░░░] (1/20)
Itens: 10% [██░░░░░░░░░░░░░░░░░░] (2/20)
Itens: 15% [███░░░░░░░░░░░░░░░░░] (3/20)
Itens: 20% [████░░░░░░░░░░░░░░░░] (4/20)
Itens: 25% [█████░░░░░░░░░░░░░░░] (5/20)
Itens: 30% [██████░░░░░░░░░░░░░░] (6/20)
Itens: 35% [███████░░░░░░░░░░░░░] (7/20)
Itens: 40% [████████░░░░░░░░░░░░] (8/20)
Itens: 45% [█████████░░░░░░░░░░░] (9/20)
Itens: 50% [██████████░░░░░░░░░░] (10/20)
Itens: 55% [███████████░░░░░░░░░] (11/20)
Itens: 60% [████████████░░░░░░░░] (12/20)
Itens: 65% [█████████████░░░░░░░] (13/20)
Itens: 70% [██████████████░░░░░░] (14/20)
Itens: 75% [███████████████░░░░░] (15/20)
Itens: 80% [████████████████░░░░] (16/20)
Itens: 85% [█████████████████░░░] (17/20)
Itens: 90% [██████████████████░░] (18/20)
Itens: 95% [███████████████████░] (19/20)
Itens: 100% [████████████████████] (20/20)
Inseridos: 5225 contratações, 19953 itens
LPD atualizado: 20250916
Processando 20250917...
Modalidades: 7% [█░░░░░░░░░░░░░░░░░░░] (1/14)
Modalidades: 14% [███░░░░░░░░░░░░░░░░░] (2/14)
Modalidades: 21% [████░░░░░░░░░░░░░░░░] (3/14)
Modalidades: 28% [██████░░░░░░░░░░░░░░] (4/14)
Modalidades: 35% [███████░░░░░░░░░░░░░] (5/14)
Modalidades: 42% [████████░░░░░░░░░░░░] (6/14)
Modalidades: 50% [██████████░░░░░░░░░░] (7/14)
Modalidades: 57% [███████████░░░░░░░░░] (8/14)
Modalidades: 64% [█████████████░░░░░░░] (9/14)
Modalidades: 71% [██████████████░░░░░░] (10/14)
Modalidades: 78% [████████████████░░░░] (11/14)
Modalidades: 85% [█████████████████░░░] (12/14)
Modalidades: 92% [██████████████████░░] (13/14)
Modalidades: 100% [████████████████████] (14/14)
Itens: 5% [█░░░░░░░░░░░░░░░░░░░] (1/20)
Itens: 10% [██░░░░░░░░░░░░░░░░░░] (2/20)
Itens: 15% [███░░░░░░░░░░░░░░░░░] (3/20)
Itens: 20% [████░░░░░░░░░░░░░░░░] (4/20)
Itens: 25% [█████░░░░░░░░░░░░░░░] (5/20)
Itens: 30% [██████░░░░░░░░░░░░░░] (6/20)
Itens: 35% [███████░░░░░░░░░░░░░] (7/20)
Itens: 40% [████████░░░░░░░░░░░░] (8/20)
Itens: 45% [█████████░░░░░░░░░░░] (9/20)
Itens: 50% [██████████░░░░░░░░░░] (10/20)
Itens: 55% [███████████░░░░░░░░░] (11/20)
Itens: 60% [████████████░░░░░░░░] (12/20)
Itens: 65% [█████████████░░░░░░░] (13/20)
Itens: 70% [██████████████░░░░░░] (14/20)
Itens: 75% [███████████████░░░░░] (15/20)
Itens: 80% [████████████████░░░░] (16/20)
Itens: 85% [█████████████████░░░] (17/20)
Itens: 90% [██████████████████░░] (18/20)
Itens: 95% [███████████████████░] (19/20)
Itens: 100% [████████████████████] (20/20)
Inseridos: 6595 contratações, 22399 itens
LPD atualizado: 20250917
Processando 20250918...
Modalidades: 7% [█░░░░░░░░░░░░░░░░░░░] (1/14)
Modalidades: 14% [███░░░░░░░░░░░░░░░░░] (2/14)
Modalidades: 21% [████░░░░░░░░░░░░░░░░] (3/14)
Modalidades: 28% [██████░░░░░░░░░░░░░░] (4/14)
Modalidades: 35% [███████░░░░░░░░░░░░░] (5/14)
Modalidades: 42% [████████░░░░░░░░░░░░] (6/14)
Modalidades: 50% [██████████░░░░░░░░░░] (7/14)
Modalidades: 57% [███████████░░░░░░░░░] (8/14)
Modalidades: 64% [█████████████░░░░░░░] (9/14)
